<?xml version="1.0" encoding="utf-8"?><testsuites><testsuite errors="0" failures="0" hostname="JK-PC" name="pytest" skipped="0" tests="14" time="0.927" timestamp="2020-11-28T12:58:06.877647"><testcase classname="test_poeditor_exporter" name="test_main_sytem_exit[args0]" time="0.009" /><testcase classname="test_poeditor_exporter" name="test_main_sytem_exit[args1]" time="0.004" /><testcase classname="test_poeditor_exporter" name="test_main_sytem_exit[args2]" time="0.003" /><testcase classname="test_poeditor_exporter" name="test_main_sytem_exit[args3]" time="0.003" /><testcase classname="test_poeditor_exporter" name="test_main_sytem_exit[args4]" time="0.003" /><testcase classname="test_poeditor_exporter" name="test_main_sytem_exit[args5]" time="0.003" /><testcase classname="test_poeditor_exporter" name="test_main_sytem_exit[args6]" time="0.003" /><testcase classname="test_poeditor_exporter" name="test_parse_args" time="0.003" /><testcase classname="test_poeditor_exporter" name="test_build_payload" time="0.001" /><testcase classname="test_poeditor_exporter" name="test_process_request" time="0.018" /><testcase classname="test_poeditor_exporter" name="test_process_request_with_response_error" time="0.006" /><testcase classname="test_poeditor_exporter" name="test_process_request_with_status_fail" time="0.007" /><testcase classname="test_poeditor_exporter" name="test_main_with_filters_and_exception" time="0.008" /><testcase classname="test_poeditor_exporter" name="test_main_ok" time="0.017" /></testsuite></testsuites>